Using pre-set license
Built from '2021.3/staging' branch; Version is '2021.3.8f1 (b30333d56e81) revision 11731763'; Using compiler version '192829333'; Build Type 'Release'
OS: 'Windows 10  (10.0.19044) 64bit Professional' Language: 'pl' Physical Memory: 16322 MB
BatchMode: 1, IsHumanControllingUs: 0, StartBugReporterOnCrash: 0, Is64bit: 1, IsPro: 1

COMMAND LINE ARGUMENTS:
C:\Program Files\Unity\Hub\Editor\2021.3.8f1\Editor\Unity.exe
-adb2
-batchMode
-noUpm
-name
AssetImportWorker0
-projectPath
C:/Users/Michał/Desktop/git/GloomyMemoryPaintings/MyOwnCardGame
-logFile
Logs/AssetImportWorker0.log
-srvPort
50370
Successfully changed project path to: C:/Users/Michał/Desktop/git/GloomyMemoryPaintings/MyOwnCardGame
C:/Users/Michał/Desktop/git/GloomyMemoryPaintings/MyOwnCardGame
[UnityMemory] Configuration Parameters - Can be set up in boot.config
    "memorysetup-bucket-allocator-granularity=16"
    "memorysetup-bucket-allocator-bucket-count=8"
    "memorysetup-bucket-allocator-block-size=33554432"
    "memorysetup-bucket-allocator-block-count=8"
    "memorysetup-main-allocator-block-size=16777216"
    "memorysetup-thread-allocator-block-size=16777216"
    "memorysetup-gfx-main-allocator-block-size=16777216"
    "memorysetup-gfx-thread-allocator-block-size=16777216"
    "memorysetup-cache-allocator-block-size=4194304"
    "memorysetup-typetree-allocator-block-size=2097152"
    "memorysetup-profiler-bucket-allocator-granularity=16"
    "memorysetup-profiler-bucket-allocator-bucket-count=8"
    "memorysetup-profiler-bucket-allocator-block-size=33554432"
    "memorysetup-profiler-bucket-allocator-block-count=8"
    "memorysetup-profiler-allocator-block-size=16777216"
    "memorysetup-profiler-editor-allocator-block-size=1048576"
    "memorysetup-temp-allocator-size-main=16777216"
    "memorysetup-job-temp-allocator-block-size=2097152"
    "memorysetup-job-temp-allocator-block-size-background=1048576"
    "memorysetup-job-temp-allocator-reduction-small-platforms=262144"
    "memorysetup-temp-allocator-size-background-worker=32768"
    "memorysetup-temp-allocator-size-job-worker=262144"
    "memorysetup-temp-allocator-size-preload-manager=33554432"
    "memorysetup-temp-allocator-size-nav-mesh-worker=65536"
    "memorysetup-temp-allocator-size-audio-worker=65536"
    "memorysetup-temp-allocator-size-cloud-worker=32768"
    "memorysetup-temp-allocator-size-gi-baking-worker=262144"
    "memorysetup-temp-allocator-size-gfx=262144"
Refreshing native plugins compatible for Editor in 124.68 ms, found 3 plugins.
Preloading 0 native plugins for Editor in 0.00 ms.
Initialize engine version: 2021.3.8f1 (b30333d56e81)
[Subsystems] Discovering subsystems at path C:/Program Files/Unity/Hub/Editor/2021.3.8f1/Editor/Data/Resources/UnitySubsystems
[Subsystems] Discovering subsystems at path C:/Users/Michał/Desktop/git/GloomyMemoryPaintings/MyOwnCardGame/Assets
GfxDevice: creating device client; threaded=0; jobified=0
Direct3D:
    Version:  Direct3D 11.0 [level 11.1]
    Renderer: NVIDIA GeForce GTX 1660 SUPER (ID=0x21c4)
    Vendor:   NVIDIA
    VRAM:     5992 MB
    Driver:   31.0.15.1694
Initialize mono
Mono path[0] = 'C:/Program Files/Unity/Hub/Editor/2021.3.8f1/Editor/Data/Managed'
Mono path[1] = 'C:/Program Files/Unity/Hub/Editor/2021.3.8f1/Editor/Data/MonoBleedingEdge/lib/mono/unityjit-win32'
Mono config path = 'C:/Program Files/Unity/Hub/Editor/2021.3.8f1/Editor/Data/MonoBleedingEdge/etc'
Using monoOptions --debugger-agent=transport=dt_socket,embedding=1,server=y,suspend=n,address=127.0.0.1:56688
Begin MonoManager ReloadAssembly
Registering precompiled unity dll's ...
Register platform support module: C:/Program Files/Unity/Hub/Editor/2021.3.8f1/Editor/Data/PlaybackEngines/WebGLSupport/UnityEditor.WebGL.Extensions.dll
Register platform support module: C:/Program Files/Unity/Hub/Editor/2021.3.8f1/Editor/Data/PlaybackEngines/AndroidPlayer/UnityEditor.Android.Extensions.dll
Register platform support module: C:/Program Files/Unity/Hub/Editor/2021.3.8f1/Editor/Data/PlaybackEngines/iOSSupport/UnityEditor.iOS.Extensions.dll
Register platform support module: C:/Program Files/Unity/Hub/Editor/2021.3.8f1/Editor/Data/PlaybackEngines/WindowsStandaloneSupport/UnityEditor.WindowsStandalone.Extensions.dll
Registered in 0.020601 seconds.
Native extension for WindowsStandalone target not found
[usbmuxd] Start listen thread
[usbmuxd] Listen thread started
Native extension for iOS target not found
Native extension for Android target not found
Native extension for WebGL target not found
Refreshing native plugins compatible for Editor in 107.67 ms, found 3 plugins.
Preloading 0 native plugins for Editor in 0.00 ms.
Mono: successfully reloaded assembly
- Completed reload, in  0.824 seconds
Domain Reload Profiling:
	ReloadAssembly (824ms)
		BeginReloadAssembly (108ms)
			ExecutionOrderSort (0ms)
			DisableScriptedObjects (0ms)
			BackupInstance (0ms)
			ReleaseScriptingObjects (0ms)
			CreateAndSetChildDomain (1ms)
		EndReloadAssembly (572ms)
			LoadAssemblies (105ms)
			RebuildTransferFunctionScriptingTraits (0ms)
			SetupTypeCache (137ms)
			ReleaseScriptCaches (0ms)
			RebuildScriptCaches (33ms)
			SetupLoadedEditorAssemblies (341ms)
				LogAssemblyErrors (0ms)
				InitializePlatformSupportModulesInManaged (78ms)
				SetLoadedEditorAssemblies (0ms)
				RefreshPlugins (108ms)
				BeforeProcessingInitializeOnLoad (3ms)
				ProcessInitializeOnLoadAttributes (99ms)
				ProcessInitializeOnLoadMethodAttributes (53ms)
				AfterProcessingInitializeOnLoad (0ms)
				EditorAssembliesLoaded (0ms)
			ExecutionOrderSort2 (0ms)
			AwakeInstancesAfterBackupRestoration (0ms)
Platform modules already initialized, skipping
Registering precompiled user dll's ...
Registered in 0.011794 seconds.
Begin MonoManager ReloadAssembly
Symbol file LoadedFromMemory doesn't match image C:\Users\Michał\Desktop\git\GloomyMemoryPaintings\MyOwnCardGame\Library\PackageCache\com.unity.visualscripting@1.7.8\Editor\VisualScripting.Core\Dependencies\YamlDotNet\Unity.VisualScripting.YamlDotNet.dll
Symbol file LoadedFromMemory doesn't match image C:\Users\Michał\Desktop\git\GloomyMemoryPaintings\MyOwnCardGame\Library\PackageCache\com.unity.visualscripting@1.7.8\Editor\VisualScripting.Core\Dependencies\DotNetZip\Unity.VisualScripting.IonicZip.dll
Native extension for WindowsStandalone target not found
Native extension for iOS target not found
Native extension for Android target not found
Native extension for WebGL target not found
Refreshing native plugins compatible for Editor in 112.69 ms, found 3 plugins.
Preloading 0 native plugins for Editor in 0.00 ms.
Mono: successfully reloaded assembly
- Completed reload, in  1.701 seconds
Domain Reload Profiling:
	ReloadAssembly (1702ms)
		BeginReloadAssembly (242ms)
			ExecutionOrderSort (0ms)
			DisableScriptedObjects (6ms)
			BackupInstance (0ms)
			ReleaseScriptingObjects (0ms)
			CreateAndSetChildDomain (134ms)
		EndReloadAssembly (1301ms)
			LoadAssemblies (114ms)
			RebuildTransferFunctionScriptingTraits (0ms)
			SetupTypeCache (376ms)
			ReleaseScriptCaches (1ms)
			RebuildScriptCaches (61ms)
			SetupLoadedEditorAssemblies (706ms)
				LogAssemblyErrors (0ms)
				InitializePlatformSupportModulesInManaged (40ms)
				SetLoadedEditorAssemblies (0ms)
				RefreshPlugins (113ms)
				BeforeProcessingInitializeOnLoad (147ms)
				ProcessInitializeOnLoadAttributes (317ms)
				ProcessInitializeOnLoadMethodAttributes (73ms)
				AfterProcessingInitializeOnLoad (16ms)
				EditorAssembliesLoaded (0ms)
			ExecutionOrderSort2 (0ms)
			AwakeInstancesAfterBackupRestoration (7ms)
Platform modules already initialized, skipping
========================================================================
Worker process is ready to serve import requests
Launched and connected shader compiler UnityShaderCompiler.exe after 0.06 seconds
Refreshing native plugins compatible for Editor in 0.78 ms, found 3 plugins.
Preloading 0 native plugins for Editor in 0.00 ms.
Unloading 4739 Unused Serialized files (Serialized files now loaded: 0)
Unloading 32 unused Assets / (396.2 KB). Loaded Objects now: 5199.
Memory consumption went from 164.9 MB to 164.6 MB.
Total: 3.389500 ms (FindLiveObjects: 0.340600 ms CreateObjectMapping: 0.361500 ms MarkObjects: 2.545800 ms  DeleteObjects: 0.140800 ms)

AssetImportParameters requested are different than current active one (requested -> active):
  custom:video-decoder-ogg-theora: a1e56fd34408186e4bbccfd4996cb3dc -> 
  custom:container-muxer-webm: aa71ff27fc2769a1b78a27578f13a17b -> 
  custom:container-demuxer-webm: 4f35f7cbe854078d1ac9338744f61a02 -> 
  custom:video-encoder-webm-vp8: eb34c28f22e8b96e1ab97ce403110664 -> 
  custom:audio-encoder-webm-vorbis: bf7c407c2cedff20999df2af8eb42d56 -> 
  custom:framework-win-MediaFoundation: 216162199b28c13a410421893ffa2e32 -> 
  custom:container-demuxer-ogg: 62fdf1f143b41e24485cea50d1cbac27 -> 
  custom:video-decoder-webm-vp8: 9c59270c3fd7afecdb556c50c9e8de78 -> 
  custom:audio-decoder-ogg-vorbis: bf7c407c2cedff20999df2af8eb42d56 -> 
========================================================================
Received Import Request.
  Time since last request: 376281.927912 seconds.
  path: Assets/Scenes/Abstraction/1Abstraction.unity
  artifactKey: Guid(cb394d60334772a479739f1a2c97abec) Importer(815301076,1909f56bfc062723c751e8b465ee728b)
Start importing Assets/Scenes/Abstraction/1Abstraction.unity using Guid(cb394d60334772a479739f1a2c97abec) Importer(815301076,1909f56bfc062723c751e8b465ee728b)  -> (artifact id: '6eab2c1eb8a6fbc64a208777eb4e46a3') in 0.013211 seconds 
========================================================================
Received Import Request.
  Time since last request: 0.600631 seconds.
  path: Assets/Scenes/Abstraction/2Animals.unity
  artifactKey: Guid(abe525d80411c6d4cbf97399d56d1f2b) Importer(815301076,1909f56bfc062723c751e8b465ee728b)
Start importing Assets/Scenes/Abstraction/2Animals.unity using Guid(abe525d80411c6d4cbf97399d56d1f2b) Importer(815301076,1909f56bfc062723c751e8b465ee728b)  -> (artifact id: 'b6b89f059af12d03abccd6245ce38300') in 0.009588 seconds 
========================================================================
Received Import Request.
  Time since last request: 10.274559 seconds.
  path: Assets/Scenes/Abstraction/2Abstraction.unity
  artifactKey: Guid(abe525d80411c6d4cbf97399d56d1f2b) Importer(815301076,1909f56bfc062723c751e8b465ee728b)
Start importing Assets/Scenes/Abstraction/2Abstraction.unity using Guid(abe525d80411c6d4cbf97399d56d1f2b) Importer(815301076,1909f56bfc062723c751e8b465ee728b)  -> (artifact id: 'b521042fbc0030c691b46852787fa6f8') in 0.009690 seconds 
========================================================================
Received Import Request.
  Time since last request: 0.952162 seconds.
  path: Assets/Scenes/Abstraction/3Animals.unity
  artifactKey: Guid(c551276c4de33c74a97f752359d75085) Importer(815301076,1909f56bfc062723c751e8b465ee728b)
Start importing Assets/Scenes/Abstraction/3Animals.unity using Guid(c551276c4de33c74a97f752359d75085) Importer(815301076,1909f56bfc062723c751e8b465ee728b)  -> (artifact id: '1295c1dd50174bdaac6484c5ef588edc') in 0.008212 seconds 
========================================================================
Received Import Request.
  Time since last request: 6.856694 seconds.
  path: Assets/Scenes/Abstraction/3Abstraction.unity
  artifactKey: Guid(c551276c4de33c74a97f752359d75085) Importer(815301076,1909f56bfc062723c751e8b465ee728b)
Start importing Assets/Scenes/Abstraction/3Abstraction.unity using Guid(c551276c4de33c74a97f752359d75085) Importer(815301076,1909f56bfc062723c751e8b465ee728b)  -> (artifact id: '8d01f9bf6d9cc9eeb701ad45a63fc5b0') in 0.007362 seconds 
========================================================================
Received Import Request.
  Time since last request: 1.444221 seconds.
  path: Assets/Scenes/Abstraction/4Animals.unity
  artifactKey: Guid(596c2af0471d18c49914342c677c6170) Importer(815301076,1909f56bfc062723c751e8b465ee728b)
Start importing Assets/Scenes/Abstraction/4Animals.unity using Guid(596c2af0471d18c49914342c677c6170) Importer(815301076,1909f56bfc062723c751e8b465ee728b)  -> (artifact id: 'ba01d477e7e6e867f4e8898ab0380edf') in 0.007378 seconds 
========================================================================
Received Import Request.
  Time since last request: 6.322756 seconds.
  path: Assets/Scenes/Abstraction/4Abstraction.unity
  artifactKey: Guid(596c2af0471d18c49914342c677c6170) Importer(815301076,1909f56bfc062723c751e8b465ee728b)
Start importing Assets/Scenes/Abstraction/4Abstraction.unity using Guid(596c2af0471d18c49914342c677c6170) Importer(815301076,1909f56bfc062723c751e8b465ee728b)  -> (artifact id: '615356221e646a32051252a55b6fd04f') in 0.007494 seconds 
========================================================================
Received Import Request.
  Time since last request: 131.249157 seconds.
  path: Assets/Scenes/Abstraction/1Numbers.unity
  artifactKey: Guid(0d060cec2eb8091468f54704977f0f28) Importer(815301076,1909f56bfc062723c751e8b465ee728b)
Start importing Assets/Scenes/Abstraction/1Numbers.unity using Guid(0d060cec2eb8091468f54704977f0f28) Importer(815301076,1909f56bfc062723c751e8b465ee728b)  -> (artifact id: 'ce3a9c34c9e1824d89fef5b4df53bd10') in 0.006455 seconds 
========================================================================
Received Import Request.
  Time since last request: 8.595207 seconds.
  path: Assets/Scenes/Abstraction/1Abstraction.unity
  artifactKey: Guid(0d060cec2eb8091468f54704977f0f28) Importer(815301076,1909f56bfc062723c751e8b465ee728b)
Start importing Assets/Scenes/Abstraction/1Abstraction.unity using Guid(0d060cec2eb8091468f54704977f0f28) Importer(815301076,1909f56bfc062723c751e8b465ee728b)  -> (artifact id: '0bdc97b49bb1ab9e168be79b8025ab9e') in 0.002936 seconds 
========================================================================
Received Import Request.
  Time since last request: 0.824544 seconds.
  path: Assets/Scenes/Abstraction/2Numbers.unity
  artifactKey: Guid(7a340fb4fe9afb6458defd6c8632d792) Importer(815301076,1909f56bfc062723c751e8b465ee728b)
Start importing Assets/Scenes/Abstraction/2Numbers.unity using Guid(7a340fb4fe9afb6458defd6c8632d792) Importer(815301076,1909f56bfc062723c751e8b465ee728b)  -> (artifact id: '16f2aea1cc76a4dfb1ceee951d5b6aa9') in 0.007532 seconds 
========================================================================
Received Import Request.
  Time since last request: 6.980218 seconds.
  path: Assets/Scenes/Abstraction/2Abstraction.unity
  artifactKey: Guid(7a340fb4fe9afb6458defd6c8632d792) Importer(815301076,1909f56bfc062723c751e8b465ee728b)
Start importing Assets/Scenes/Abstraction/2Abstraction.unity using Guid(7a340fb4fe9afb6458defd6c8632d792) Importer(815301076,1909f56bfc062723c751e8b465ee728b)  -> (artifact id: '34cbe8d950489c054610201f3a51c312') in 0.003007 seconds 
========================================================================
Received Import Request.
  Time since last request: 0.476390 seconds.
  path: Assets/Scenes/Abstraction/3Numbers.unity
  artifactKey: Guid(8a40b09690df5ca4683fcc40d87628bb) Importer(815301076,1909f56bfc062723c751e8b465ee728b)
Start importing Assets/Scenes/Abstraction/3Numbers.unity using Guid(8a40b09690df5ca4683fcc40d87628bb) Importer(815301076,1909f56bfc062723c751e8b465ee728b)  -> (artifact id: '2b72a956f8c485ad404c993d550ffa93') in 0.007911 seconds 
========================================================================
Received Import Request.
  Time since last request: 6.929734 seconds.
  path: Assets/Scenes/Abstraction/3Abstraction.unity
  artifactKey: Guid(8a40b09690df5ca4683fcc40d87628bb) Importer(815301076,1909f56bfc062723c751e8b465ee728b)
Start importing Assets/Scenes/Abstraction/3Abstraction.unity using Guid(8a40b09690df5ca4683fcc40d87628bb) Importer(815301076,1909f56bfc062723c751e8b465ee728b)  -> (artifact id: 'bb46c798f55581540e3c8ac15c35c38f') in 0.002852 seconds 
========================================================================
Received Import Request.
  Time since last request: 1.374169 seconds.
  path: Assets/Scenes/Abstraction/4Numbers.unity
  artifactKey: Guid(22a1c4cc434d119409643c7da44303aa) Importer(815301076,1909f56bfc062723c751e8b465ee728b)
Start importing Assets/Scenes/Abstraction/4Numbers.unity using Guid(22a1c4cc434d119409643c7da44303aa) Importer(815301076,1909f56bfc062723c751e8b465ee728b)  -> (artifact id: '1bab98d2ce5a1958571001b4db170acb') in 0.009646 seconds 
========================================================================
Received Import Request.
  Time since last request: 6.504371 seconds.
  path: Assets/Scenes/Abstraction/4Abstraction.unity
  artifactKey: Guid(22a1c4cc434d119409643c7da44303aa) Importer(815301076,1909f56bfc062723c751e8b465ee728b)
Start importing Assets/Scenes/Abstraction/4Abstraction.unity using Guid(22a1c4cc434d119409643c7da44303aa) Importer(815301076,1909f56bfc062723c751e8b465ee728b)  -> (artifact id: 'e2ab51df8f7f894f70e45cfa99c7a8fd') in 0.010117 seconds 
========================================================================
Received Import Request.
  Time since last request: 175.604968 seconds.
  path: Assets/Textures/Abstraction428x428
  artifactKey: Guid(c872d887fd577d4488096786bdb790a6) Importer(815301076,1909f56bfc062723c751e8b465ee728b)
Start importing Assets/Textures/Abstraction428x428 using Guid(c872d887fd577d4488096786bdb790a6) Importer(815301076,1909f56bfc062723c751e8b465ee728b)  -> (artifact id: 'd3e38653ec6c8ec42516cac8e8b85ba5') in 0.009444 seconds 
========================================================================
Received Import Request.
  Time since last request: 0.055521 seconds.
  path: Assets/Textures/Abstraction428x428/1 (4).png
  artifactKey: Guid(de77e982eb2bf964b8f59f0693811123) Importer(815301076,1909f56bfc062723c751e8b465ee728b)
Start importing Assets/Textures/Abstraction428x428/1 (4).png using Guid(de77e982eb2bf964b8f59f0693811123) Importer(815301076,1909f56bfc062723c751e8b465ee728b)  -> (artifact id: '7a00160094c027939287d1aac7925af1') in 0.141862 seconds 
========================================================================
Received Import Request.
  Time since last request: 0.000020 seconds.
  path: Assets/Textures/Abstraction428x428/10 (1).png
  artifactKey: Guid(734dbdaf4f7e68746832ca7ec6164c84) Importer(815301076,1909f56bfc062723c751e8b465ee728b)
Start importing Assets/Textures/Abstraction428x428/10 (1).png using Guid(734dbdaf4f7e68746832ca7ec6164c84) Importer(815301076,1909f56bfc062723c751e8b465ee728b)  -> (artifact id: '5186685cc888ae2e65db1fac6a6aff0d') in 0.042224 seconds 
========================================================================
Received Import Request.
  Time since last request: 0.000032 seconds.
  path: Assets/Textures/Abstraction428x428/5 (1).png
  artifactKey: Guid(e250788497d04a947b544f5b5c1d93d9) Importer(815301076,1909f56bfc062723c751e8b465ee728b)
Start importing Assets/Textures/Abstraction428x428/5 (1).png using Guid(e250788497d04a947b544f5b5c1d93d9) Importer(815301076,1909f56bfc062723c751e8b465ee728b)  -> (artifact id: '94daf198ee5a967686e7f97099221e84') in 0.025549 seconds 
========================================================================
Received Import Request.
  Time since last request: 0.000021 seconds.
  path: Assets/Textures/Abstraction428x428/8 (1).png
  artifactKey: Guid(7fd8ca65d0235a749a0a36559e740e5b) Importer(815301076,1909f56bfc062723c751e8b465ee728b)
Start importing Assets/Textures/Abstraction428x428/8 (1).png using Guid(7fd8ca65d0235a749a0a36559e740e5b) Importer(815301076,1909f56bfc062723c751e8b465ee728b)  -> (artifact id: '44d63d43d34a8c8cb4d5f4343ec02077') in 0.038611 seconds 
========================================================================
Received Import Request.
  Time since last request: 0.000027 seconds.
  path: Assets/Textures/Abstraction428x428/9 (1).png
  artifactKey: Guid(087be63da524ce24f814276d8315ca22) Importer(815301076,1909f56bfc062723c751e8b465ee728b)
Start importing Assets/Textures/Abstraction428x428/9 (1).png using Guid(087be63da524ce24f814276d8315ca22) Importer(815301076,1909f56bfc062723c751e8b465ee728b)  -> (artifact id: '623c7af84609d253b2c3770347d47c8b') in 0.026053 seconds 
========================================================================
Received Import Request.
  Time since last request: 39.631125 seconds.
  path: Assets/Textures/Abstraction428x428/2 (1).png
  artifactKey: Guid(65f410bb2ab2cc24499944ebc98d3de2) Importer(815301076,1909f56bfc062723c751e8b465ee728b)
Start importing Assets/Textures/Abstraction428x428/2 (1).png using Guid(65f410bb2ab2cc24499944ebc98d3de2) Importer(815301076,1909f56bfc062723c751e8b465ee728b)  -> (artifact id: '55dafcc7f09087edfc41426e13745f22') in 0.088638 seconds 
========================================================================
Received Import Request.
  Time since last request: 0.000030 seconds.
  path: Assets/Textures/Abstraction428x428/10 (1).png
  artifactKey: Guid(734dbdaf4f7e68746832ca7ec6164c84) Importer(815301076,1909f56bfc062723c751e8b465ee728b)
Start importing Assets/Textures/Abstraction428x428/10 (1).png using Guid(734dbdaf4f7e68746832ca7ec6164c84) Importer(815301076,1909f56bfc062723c751e8b465ee728b)  -> (artifact id: '7d55fdcb8bfcc7179863a41f826a57d9') in 0.068895 seconds 
========================================================================
Received Import Request.
  Time since last request: 0.000046 seconds.
  path: Assets/Textures/Abstraction428x428/5 (1).png
  artifactKey: Guid(e250788497d04a947b544f5b5c1d93d9) Importer(815301076,1909f56bfc062723c751e8b465ee728b)
Start importing Assets/Textures/Abstraction428x428/5 (1).png using Guid(e250788497d04a947b544f5b5c1d93d9) Importer(815301076,1909f56bfc062723c751e8b465ee728b)  -> (artifact id: '5d54204a8791ff256fdc1464f09e6f7c') in 0.065708 seconds 
========================================================================
Received Import Request.
  Time since last request: 0.000021 seconds.
  path: Assets/Textures/Abstraction428x428/9 (1).png
  artifactKey: Guid(087be63da524ce24f814276d8315ca22) Importer(815301076,1909f56bfc062723c751e8b465ee728b)
Start importing Assets/Textures/Abstraction428x428/9 (1).png using Guid(087be63da524ce24f814276d8315ca22) Importer(815301076,1909f56bfc062723c751e8b465ee728b)  -> (artifact id: '9db74a673af89faeea8dd5bcad0e4d2d') in 0.056334 seconds 
========================================================================
Received Prepare
Registering precompiled user dll's ...
Registered in 0.010469 seconds.
Begin MonoManager ReloadAssembly
Symbol file LoadedFromMemory doesn't match image C:\Users\Michał\Desktop\git\GloomyMemoryPaintings\MyOwnCardGame\Library\PackageCache\com.unity.visualscripting@1.7.8\Editor\VisualScripting.Core\Dependencies\YamlDotNet\Unity.VisualScripting.YamlDotNet.dll
Symbol file LoadedFromMemory doesn't match image C:\Users\Michał\Desktop\git\GloomyMemoryPaintings\MyOwnCardGame\Library\PackageCache\com.unity.visualscripting@1.7.8\Editor\VisualScripting.Core\Dependencies\DotNetZip\Unity.VisualScripting.IonicZip.dll
Native extension for WindowsStandalone target not found
Native extension for iOS target not found
Native extension for Android target not found
Native extension for WebGL target not found
Refreshing native plugins compatible for Editor in 0.76 ms, found 3 plugins.
Preloading 0 native plugins for Editor in 0.00 ms.
Mono: successfully reloaded assembly
- Completed reload, in  1.443 seconds
Domain Reload Profiling:
	ReloadAssembly (1444ms)
		BeginReloadAssembly (166ms)
			ExecutionOrderSort (0ms)
			DisableScriptedObjects (5ms)
			BackupInstance (0ms)
			ReleaseScriptingObjects (0ms)
			CreateAndSetChildDomain (42ms)
		EndReloadAssembly (1148ms)
			LoadAssemblies (120ms)
			RebuildTransferFunctionScriptingTraits (0ms)
			SetupTypeCache (341ms)
			ReleaseScriptCaches (2ms)
			RebuildScriptCaches (46ms)
			SetupLoadedEditorAssemblies (583ms)
				LogAssemblyErrors (0ms)
				InitializePlatformSupportModulesInManaged (48ms)
				SetLoadedEditorAssemblies (0ms)
				RefreshPlugins (1ms)
				BeforeProcessingInitializeOnLoad (121ms)
				ProcessInitializeOnLoadAttributes (313ms)
				ProcessInitializeOnLoadMethodAttributes (82ms)
				AfterProcessingInitializeOnLoad (18ms)
				EditorAssembliesLoaded (0ms)
			ExecutionOrderSort2 (0ms)
			AwakeInstancesAfterBackupRestoration (8ms)
Platform modules already initialized, skipping
Refreshing native plugins compatible for Editor in 6.63 ms, found 3 plugins.
Preloading 0 native plugins for Editor in 0.00 ms.
Unloading 4713 Unused Serialized files (Serialized files now loaded: 0)
Unloading 23 unused Assets / (363.7 KB). Loaded Objects now: 5209.
Memory consumption went from 167.2 MB to 166.8 MB.
Total: 4.156300 ms (FindLiveObjects: 0.351700 ms CreateObjectMapping: 0.335100 ms MarkObjects: 3.290700 ms  DeleteObjects: 0.177400 ms)

AssetImportParameters requested are different than current active one (requested -> active):
  custom:video-decoder-ogg-theora: a1e56fd34408186e4bbccfd4996cb3dc -> 
  custom:container-muxer-webm: aa71ff27fc2769a1b78a27578f13a17b -> 
  custom:container-demuxer-webm: 4f35f7cbe854078d1ac9338744f61a02 -> 
  custom:video-encoder-webm-vp8: eb34c28f22e8b96e1ab97ce403110664 -> 
  custom:audio-encoder-webm-vorbis: bf7c407c2cedff20999df2af8eb42d56 -> 
  custom:framework-win-MediaFoundation: 216162199b28c13a410421893ffa2e32 -> 
  custom:container-demuxer-ogg: 62fdf1f143b41e24485cea50d1cbac27 -> 
  custom:video-decoder-webm-vp8: 9c59270c3fd7afecdb556c50c9e8de78 -> 
  custom:audio-decoder-ogg-vorbis: bf7c407c2cedff20999df2af8eb42d56 -> 
========================================================================
Received Prepare
Registering precompiled user dll's ...
Registered in 0.013642 seconds.
Begin MonoManager ReloadAssembly
Symbol file LoadedFromMemory doesn't match image C:\Users\Michał\Desktop\git\GloomyMemoryPaintings\MyOwnCardGame\Library\PackageCache\com.unity.visualscripting@1.7.8\Editor\VisualScripting.Core\Dependencies\YamlDotNet\Unity.VisualScripting.YamlDotNet.dll
Symbol file LoadedFromMemory doesn't match image C:\Users\Michał\Desktop\git\GloomyMemoryPaintings\MyOwnCardGame\Library\PackageCache\com.unity.visualscripting@1.7.8\Editor\VisualScripting.Core\Dependencies\DotNetZip\Unity.VisualScripting.IonicZip.dll
Native extension for WindowsStandalone target not found
Native extension for iOS target not found
Native extension for Android target not found
Native extension for WebGL target not found
Refreshing native plugins compatible for Editor in 1.24 ms, found 3 plugins.
Preloading 0 native plugins for Editor in 0.00 ms.
Mono: successfully reloaded assembly
- Completed reload, in  1.733 seconds
Domain Reload Profiling:
	ReloadAssembly (1734ms)
		BeginReloadAssembly (223ms)
			ExecutionOrderSort (0ms)
			DisableScriptedObjects (8ms)
			BackupInstance (0ms)
			ReleaseScriptingObjects (0ms)
			CreateAndSetChildDomain (61ms)
		EndReloadAssembly (1354ms)
			LoadAssemblies (147ms)
			RebuildTransferFunctionScriptingTraits (0ms)
			SetupTypeCache (457ms)
			ReleaseScriptCaches (3ms)
			RebuildScriptCaches (80ms)
			SetupLoadedEditorAssemblies (602ms)
				LogAssemblyErrors (0ms)
				InitializePlatformSupportModulesInManaged (61ms)
				SetLoadedEditorAssemblies (1ms)
				RefreshPlugins (1ms)
				BeforeProcessingInitializeOnLoad (136ms)
				ProcessInitializeOnLoadAttributes (307ms)
				ProcessInitializeOnLoadMethodAttributes (78ms)
				AfterProcessingInitializeOnLoad (17ms)
				EditorAssembliesLoaded (0ms)
			ExecutionOrderSort2 (0ms)
			AwakeInstancesAfterBackupRestoration (8ms)
Platform modules already initialized, skipping
Refreshing native plugins compatible for Editor in 4.16 ms, found 3 plugins.
Preloading 0 native plugins for Editor in 0.00 ms.
Unloading 4713 Unused Serialized files (Serialized files now loaded: 0)
Unloading 23 unused Assets / (363.5 KB). Loaded Objects now: 5212.
Memory consumption went from 167.2 MB to 166.8 MB.
Total: 3.765900 ms (FindLiveObjects: 0.313200 ms CreateObjectMapping: 0.282400 ms MarkObjects: 3.020000 ms  DeleteObjects: 0.148900 ms)

AssetImportParameters requested are different than current active one (requested -> active):
  custom:video-decoder-ogg-theora: a1e56fd34408186e4bbccfd4996cb3dc -> 
  custom:container-muxer-webm: aa71ff27fc2769a1b78a27578f13a17b -> 
  custom:container-demuxer-webm: 4f35f7cbe854078d1ac9338744f61a02 -> 
  custom:video-encoder-webm-vp8: eb34c28f22e8b96e1ab97ce403110664 -> 
  custom:audio-encoder-webm-vorbis: bf7c407c2cedff20999df2af8eb42d56 -> 
  custom:framework-win-MediaFoundation: 216162199b28c13a410421893ffa2e32 -> 
  custom:container-demuxer-ogg: 62fdf1f143b41e24485cea50d1cbac27 -> 
  custom:video-decoder-webm-vp8: 9c59270c3fd7afecdb556c50c9e8de78 -> 
  custom:audio-decoder-ogg-vorbis: bf7c407c2cedff20999df2af8eb42d56 -> 
========================================================================
Received Prepare
Registering precompiled user dll's ...
Registered in 0.012559 seconds.
Begin MonoManager ReloadAssembly
Symbol file LoadedFromMemory doesn't match image C:\Users\Michał\Desktop\git\GloomyMemoryPaintings\MyOwnCardGame\Library\PackageCache\com.unity.visualscripting@1.7.8\Editor\VisualScripting.Core\Dependencies\YamlDotNet\Unity.VisualScripting.YamlDotNet.dll
Symbol file LoadedFromMemory doesn't match image C:\Users\Michał\Desktop\git\GloomyMemoryPaintings\MyOwnCardGame\Library\PackageCache\com.unity.visualscripting@1.7.8\Editor\VisualScripting.Core\Dependencies\DotNetZip\Unity.VisualScripting.IonicZip.dll
Native extension for WindowsStandalone target not found
Native extension for iOS target not found
Native extension for Android target not found
Native extension for WebGL target not found
Refreshing native plugins compatible for Editor in 0.74 ms, found 3 plugins.
Preloading 0 native plugins for Editor in 0.00 ms.
Mono: successfully reloaded assembly
- Completed reload, in  1.543 seconds
Domain Reload Profiling:
	ReloadAssembly (1544ms)
		BeginReloadAssembly (184ms)
			ExecutionOrderSort (0ms)
			DisableScriptedObjects (7ms)
			BackupInstance (0ms)
			ReleaseScriptingObjects (0ms)
			CreateAndSetChildDomain (42ms)
		EndReloadAssembly (1203ms)
			LoadAssemblies (135ms)
			RebuildTransferFunctionScriptingTraits (0ms)
			SetupTypeCache (414ms)
			ReleaseScriptCaches (2ms)
			RebuildScriptCaches (54ms)
			SetupLoadedEditorAssemblies (548ms)
				LogAssemblyErrors (0ms)
				InitializePlatformSupportModulesInManaged (43ms)
				SetLoadedEditorAssemblies (0ms)
				RefreshPlugins (1ms)
				BeforeProcessingInitializeOnLoad (114ms)
				ProcessInitializeOnLoadAttributes (292ms)
				ProcessInitializeOnLoadMethodAttributes (81ms)
				AfterProcessingInitializeOnLoad (16ms)
				EditorAssembliesLoaded (0ms)
			ExecutionOrderSort2 (0ms)
			AwakeInstancesAfterBackupRestoration (8ms)
Platform modules already initialized, skipping
Refreshing native plugins compatible for Editor in 6.16 ms, found 3 plugins.
Preloading 0 native plugins for Editor in 0.00 ms.
Unloading 4713 Unused Serialized files (Serialized files now loaded: 0)
Unloading 23 unused Assets / (363.7 KB). Loaded Objects now: 5215.
Memory consumption went from 167.2 MB to 166.8 MB.
Total: 4.441700 ms (FindLiveObjects: 0.367000 ms CreateObjectMapping: 0.409000 ms MarkObjects: 3.509300 ms  DeleteObjects: 0.155300 ms)

AssetImportParameters requested are different than current active one (requested -> active):
  custom:video-decoder-ogg-theora: a1e56fd34408186e4bbccfd4996cb3dc -> 
  custom:container-muxer-webm: aa71ff27fc2769a1b78a27578f13a17b -> 
  custom:container-demuxer-webm: 4f35f7cbe854078d1ac9338744f61a02 -> 
  custom:video-encoder-webm-vp8: eb34c28f22e8b96e1ab97ce403110664 -> 
  custom:audio-encoder-webm-vorbis: bf7c407c2cedff20999df2af8eb42d56 -> 
  custom:framework-win-MediaFoundation: 216162199b28c13a410421893ffa2e32 -> 
  custom:container-demuxer-ogg: 62fdf1f143b41e24485cea50d1cbac27 -> 
  custom:video-decoder-webm-vp8: 9c59270c3fd7afecdb556c50c9e8de78 -> 
  custom:audio-decoder-ogg-vorbis: bf7c407c2cedff20999df2af8eb42d56 -> 
========================================================================
Received Prepare
Registering precompiled user dll's ...
Registered in 0.010267 seconds.
Begin MonoManager ReloadAssembly
Symbol file LoadedFromMemory doesn't match image C:\Users\Michał\Desktop\git\GloomyMemoryPaintings\MyOwnCardGame\Library\PackageCache\com.unity.visualscripting@1.7.8\Editor\VisualScripting.Core\Dependencies\YamlDotNet\Unity.VisualScripting.YamlDotNet.dll
Symbol file LoadedFromMemory doesn't match image C:\Users\Michał\Desktop\git\GloomyMemoryPaintings\MyOwnCardGame\Library\PackageCache\com.unity.visualscripting@1.7.8\Editor\VisualScripting.Core\Dependencies\DotNetZip\Unity.VisualScripting.IonicZip.dll
Native extension for WindowsStandalone target not found
Native extension for iOS target not found
Native extension for Android target not found
Native extension for WebGL target not found
Refreshing native plugins compatible for Editor in 1.39 ms, found 3 plugins.
Preloading 0 native plugins for Editor in 0.00 ms.
Mono: successfully reloaded assembly
- Completed reload, in  1.454 seconds
Domain Reload Profiling:
	ReloadAssembly (1455ms)
		BeginReloadAssembly (169ms)
			ExecutionOrderSort (0ms)
			DisableScriptedObjects (6ms)
			BackupInstance (0ms)
			ReleaseScriptingObjects (0ms)
			CreateAndSetChildDomain (41ms)
		EndReloadAssembly (1167ms)
			LoadAssemblies (130ms)
			RebuildTransferFunctionScriptingTraits (0ms)
			SetupTypeCache (368ms)
			ReleaseScriptCaches (2ms)
			RebuildScriptCaches (49ms)
			SetupLoadedEditorAssemblies (571ms)
				LogAssemblyErrors (0ms)
				InitializePlatformSupportModulesInManaged (45ms)
				SetLoadedEditorAssemblies (1ms)
				RefreshPlugins (2ms)
				BeforeProcessingInitializeOnLoad (130ms)
				ProcessInitializeOnLoadAttributes (303ms)
				ProcessInitializeOnLoadMethodAttributes (73ms)
				AfterProcessingInitializeOnLoad (18ms)
				EditorAssembliesLoaded (0ms)
			ExecutionOrderSort2 (0ms)
			AwakeInstancesAfterBackupRestoration (9ms)
Platform modules already initialized, skipping
Refreshing native plugins compatible for Editor in 4.33 ms, found 3 plugins.
Preloading 0 native plugins for Editor in 0.00 ms.
Unloading 4713 Unused Serialized files (Serialized files now loaded: 0)
Unloading 23 unused Assets / (363.5 KB). Loaded Objects now: 5218.
Memory consumption went from 167.2 MB to 166.8 MB.
Total: 5.352500 ms (FindLiveObjects: 0.413700 ms CreateObjectMapping: 0.478000 ms MarkObjects: 4.229000 ms  DeleteObjects: 0.230200 ms)

AssetImportParameters requested are different than current active one (requested -> active):
  custom:video-decoder-ogg-theora: a1e56fd34408186e4bbccfd4996cb3dc -> 
  custom:container-muxer-webm: aa71ff27fc2769a1b78a27578f13a17b -> 
  custom:container-demuxer-webm: 4f35f7cbe854078d1ac9338744f61a02 -> 
  custom:video-encoder-webm-vp8: eb34c28f22e8b96e1ab97ce403110664 -> 
  custom:audio-encoder-webm-vorbis: bf7c407c2cedff20999df2af8eb42d56 -> 
  custom:framework-win-MediaFoundation: 216162199b28c13a410421893ffa2e32 -> 
  custom:container-demuxer-ogg: 62fdf1f143b41e24485cea50d1cbac27 -> 
  custom:video-decoder-webm-vp8: 9c59270c3fd7afecdb556c50c9e8de78 -> 
  custom:audio-decoder-ogg-vorbis: bf7c407c2cedff20999df2af8eb42d56 -> 
========================================================================
Received Import Request.
  Time since last request: 4354.991772 seconds.
  path: Assets/Textures/Items428x428/book.png
  artifactKey: Guid(84b7c83aec36a984dae369ad8e79aa7b) Importer(815301076,1909f56bfc062723c751e8b465ee728b)
Start importing Assets/Textures/Items428x428/book.png using Guid(84b7c83aec36a984dae369ad8e79aa7b) Importer(815301076,1909f56bfc062723c751e8b465ee728b)  -> (artifact id: '7748be72c14204d8ef888adb4ff707a6') in 0.342797 seconds 
========================================================================
Received Import Request.
  Time since last request: 0.000067 seconds.
  path: Assets/Textures/Items428x428/money.png
  artifactKey: Guid(78dee8580a2f24a42aed00a68a281b10) Importer(815301076,1909f56bfc062723c751e8b465ee728b)
Start importing Assets/Textures/Items428x428/money.png using Guid(78dee8580a2f24a42aed00a68a281b10) Importer(815301076,1909f56bfc062723c751e8b465ee728b)  -> (artifact id: 'f3720979522ef68fd363c1185f51a497') in 0.020792 seconds 
========================================================================
Received Import Request.
  Time since last request: 0.000029 seconds.
  path: Assets/Textures/Items428x428/wine.png
  artifactKey: Guid(74c62a33a9b0cc74d982dc1d0718e58d) Importer(815301076,1909f56bfc062723c751e8b465ee728b)
Start importing Assets/Textures/Items428x428/wine.png using Guid(74c62a33a9b0cc74d982dc1d0718e58d) Importer(815301076,1909f56bfc062723c751e8b465ee728b)  -> (artifact id: 'e4e9ed3bcf21d697ed997f28500d803a') in 0.016321 seconds 
========================================================================
Received Import Request.
  Time since last request: 21.568244 seconds.
  path: Assets/Textures/Items428x428/building.png
  artifactKey: Guid(3fa6d8d8afeb4bf4eb55162fe064ba2a) Importer(815301076,1909f56bfc062723c751e8b465ee728b)
Start importing Assets/Textures/Items428x428/building.png using Guid(3fa6d8d8afeb4bf4eb55162fe064ba2a) Importer(815301076,1909f56bfc062723c751e8b465ee728b)  -> (artifact id: 'e6425831297a4ffce1ebc66bd34e1c80') in 0.066187 seconds 
========================================================================
Received Import Request.
  Time since last request: 0.000036 seconds.
  path: Assets/Textures/Items428x428/suit.png
  artifactKey: Guid(8f52dc72f4c5f984ba6ad6148994679d) Importer(815301076,1909f56bfc062723c751e8b465ee728b)
Start importing Assets/Textures/Items428x428/suit.png using Guid(8f52dc72f4c5f984ba6ad6148994679d) Importer(815301076,1909f56bfc062723c751e8b465ee728b)  -> (artifact id: 'e43abe7c11daa33ac31e28060dcf2cad') in 0.044520 seconds 
========================================================================
Received Import Request.
  Time since last request: 0.000046 seconds.
  path: Assets/Textures/Items428x428/key.png
  artifactKey: Guid(a09a7128144217a4e894c45cd793bc54) Importer(815301076,1909f56bfc062723c751e8b465ee728b)
Start importing Assets/Textures/Items428x428/key.png using Guid(a09a7128144217a4e894c45cd793bc54) Importer(815301076,1909f56bfc062723c751e8b465ee728b)  -> (artifact id: 'c01a43ce194db6b22de5e0bc3ae445ff') in 0.034126 seconds 
========================================================================
Received Import Request.
  Time since last request: 0.000022 seconds.
  path: Assets/Textures/Items428x428/wine.png
  artifactKey: Guid(74c62a33a9b0cc74d982dc1d0718e58d) Importer(815301076,1909f56bfc062723c751e8b465ee728b)
Start importing Assets/Textures/Items428x428/wine.png using Guid(74c62a33a9b0cc74d982dc1d0718e58d) Importer(815301076,1909f56bfc062723c751e8b465ee728b)  -> (artifact id: 'c1b2766a6345bbd51c5708f3578c6e00') in 0.034809 seconds 
========================================================================
Received Prepare
Registering precompiled user dll's ...
Registered in 0.011046 seconds.
Begin MonoManager ReloadAssembly
Symbol file LoadedFromMemory doesn't match image C:\Users\Michał\Desktop\git\GloomyMemoryPaintings\MyOwnCardGame\Library\PackageCache\com.unity.visualscripting@1.7.8\Editor\VisualScripting.Core\Dependencies\YamlDotNet\Unity.VisualScripting.YamlDotNet.dll
Symbol file LoadedFromMemory doesn't match image C:\Users\Michał\Desktop\git\GloomyMemoryPaintings\MyOwnCardGame\Library\PackageCache\com.unity.visualscripting@1.7.8\Editor\VisualScripting.Core\Dependencies\DotNetZip\Unity.VisualScripting.IonicZip.dll
Native extension for WindowsStandalone target not found
Native extension for iOS target not found
Native extension for Android target not found
Native extension for WebGL target not found
Refreshing native plugins compatible for Editor in 1.10 ms, found 3 plugins.
Preloading 0 native plugins for Editor in 0.00 ms.
Mono: successfully reloaded assembly
- Completed reload, in  1.509 seconds
Domain Reload Profiling:
	ReloadAssembly (1510ms)
		BeginReloadAssembly (233ms)
			ExecutionOrderSort (0ms)
			DisableScriptedObjects (7ms)
			BackupInstance (0ms)
			ReleaseScriptingObjects (0ms)
			CreateAndSetChildDomain (78ms)
		EndReloadAssembly (1141ms)
			LoadAssemblies (146ms)
			RebuildTransferFunctionScriptingTraits (0ms)
			SetupTypeCache (371ms)
			ReleaseScriptCaches (2ms)
			RebuildScriptCaches (48ms)
			SetupLoadedEditorAssemblies (544ms)
				LogAssemblyErrors (0ms)
				InitializePlatformSupportModulesInManaged (46ms)
				SetLoadedEditorAssemblies (1ms)
				RefreshPlugins (1ms)
				BeforeProcessingInitializeOnLoad (115ms)
				ProcessInitializeOnLoadAttributes (296ms)
				ProcessInitializeOnLoadMethodAttributes (69ms)
				AfterProcessingInitializeOnLoad (16ms)
				EditorAssembliesLoaded (0ms)
			ExecutionOrderSort2 (0ms)
			AwakeInstancesAfterBackupRestoration (7ms)
Platform modules already initialized, skipping
Refreshing native plugins compatible for Editor in 4.95 ms, found 3 plugins.
Preloading 0 native plugins for Editor in 0.00 ms.
Unloading 4713 Unused Serialized files (Serialized files now loaded: 0)
Unloading 23 unused Assets / (363.6 KB). Loaded Objects now: 5221.
Memory consumption went from 167.0 MB to 166.7 MB.
Total: 3.918000 ms (FindLiveObjects: 0.353200 ms CreateObjectMapping: 0.250000 ms MarkObjects: 3.182800 ms  DeleteObjects: 0.131000 ms)

AssetImportParameters requested are different than current active one (requested -> active):
  custom:video-decoder-ogg-theora: a1e56fd34408186e4bbccfd4996cb3dc -> 
  custom:container-muxer-webm: aa71ff27fc2769a1b78a27578f13a17b -> 
  custom:container-demuxer-webm: 4f35f7cbe854078d1ac9338744f61a02 -> 
  custom:video-encoder-webm-vp8: eb34c28f22e8b96e1ab97ce403110664 -> 
  custom:audio-encoder-webm-vorbis: bf7c407c2cedff20999df2af8eb42d56 -> 
  custom:framework-win-MediaFoundation: 216162199b28c13a410421893ffa2e32 -> 
  custom:container-demuxer-ogg: 62fdf1f143b41e24485cea50d1cbac27 -> 
  custom:video-decoder-webm-vp8: 9c59270c3fd7afecdb556c50c9e8de78 -> 
  custom:audio-decoder-ogg-vorbis: bf7c407c2cedff20999df2af8eb42d56 -> 
